<?xml version="1.0" encoding="UTF-8"?>
<!-- Generated by org.testng.reporters.JUnitXMLReporter -->
<testsuite hostname="Raghu-PC" name="Command line test" tests="18" failures="3" timestamp="2 Dec 2017 11:27:39 GMT" time="2165.46" errors="0">
  <testcase name="loginNew" time="53.937" classname="com.jocata.core.scripts.NewCreateRuleJocata"/>
  <testcase name="clickrulebuliderupdate" time="91.928" classname="com.jocata.star.TaskboardSort.RuleBuliderUpdate"/>
  <testcase name="loginNew" time="137.116" classname="com.jocata.core.screens.ThresholdParametersRule"/>
  <testcase name="init" time="109.804" classname="com.jocata.core.existingfuctions.AdvancedAddBenchMark2"/>
  <testcase name="loginNavigation" time="64.504" classname="com.jocata.core.scripts.CoreNavigation"/>
  <testcase name="loginAdvance" time="475.445" classname="com.jocata.core.scripts.AdvanceSearchJocataSe2"/>
  <testcase name="loginsimple" time="466.505" classname="com.jocata.core.scripts.SimpleSearchJocata2"/>
  <testcase name="checkcustomerfields" time="30.26" classname="com.jocata.core.scripts.customerfields">
    <failure type="org.openqa.selenium.ElementNotVisibleException" message="Element is not currently visible and so may not be interacted with
Command duration or timeout: 30.08 seconds
Build info: version: &amp;apos;2.53.1&amp;apos;, revision: &amp;apos;a36b8b1&amp;apos;, time: &amp;apos;2016-06-30 17:32:46&amp;apos;
System info: host: &amp;apos;Raghu-PC&amp;apos;, ip: &amp;apos;192.168.100.25&amp;apos;, os.name: &amp;apos;Windows 7&amp;apos;, os.arch: &amp;apos;amd64&amp;apos;, os.version: &amp;apos;6.1&amp;apos;, java.version: &amp;apos;1.8.0_101&amp;apos;
Driver info: org.openqa.selenium.firefox.FirefoxDriver
Capabilities [{applicationCacheEnabled=true, rotatable=false, handlesAlerts=true, databaseEnabled=true, version=46.0, platform=WINDOWS, nativeEvents=false, acceptSslCerts=true, webStorageEnabled=true, locationContextEnabled=true, browserName=firefox, takesScreenshot=true, javascriptEnabled=true, cssSelectorsEnabled=true}]
Session ID: f61595d9-f6ab-4c73-b355-676410ed7c2d">
      <![CDATA[org.openqa.selenium.ElementNotVisibleException: Element is not currently visible and so may not be interacted with
Command duration or timeout: 30.08 seconds
Build info: version: '2.53.1', revision: 'a36b8b1', time: '2016-06-30 17:32:46'
System info: host: 'Raghu-PC', ip: '192.168.100.25', os.name: 'Windows 7', os.arch: 'amd64', os.version: '6.1', java.version: '1.8.0_101'
Driver info: org.openqa.selenium.firefox.FirefoxDriver
Capabilities [{applicationCacheEnabled=true, rotatable=false, handlesAlerts=true, databaseEnabled=true, version=46.0, platform=WINDOWS, nativeEvents=false, acceptSslCerts=true, webStorageEnabled=true, locationContextEnabled=true, browserName=firefox, takesScreenshot=true, javascriptEnabled=true, cssSelectorsEnabled=true}]
Session ID: f61595d9-f6ab-4c73-b355-676410ed7c2d
	at org.openqa.selenium.remote.ErrorHandler.createThrowable(ErrorHandler.java:206)
	at org.openqa.selenium.remote.ErrorHandler.throwIfResponseFailed(ErrorHandler.java:158)
	at org.openqa.selenium.remote.RemoteWebDriver.execute(RemoteWebDriver.java:678)
	at org.openqa.selenium.remote.RemoteWebElement.execute(RemoteWebElement.java:327)
	at org.openqa.selenium.remote.RemoteWebElement.click(RemoteWebElement.java:85)
	at com.jocata.core.scripts.customerfields.checkcustomerfields(customerfields.java:24)
	at com.jocata.core.RunStar.AllStarNewSevenone3.main(AllStarNewSevenone3.java:177)
Caused by: org.openqa.selenium.ElementNotVisibleException: Element is not currently visible and so may not be interacted with
Build info: version: '2.53.1', revision: 'a36b8b1', time: '2016-06-30 17:32:46'
System info: host: 'Raghu-PC', ip: '192.168.100.25', os.name: 'Windows 7', os.arch: 'amd64', os.version: '6.1', java.version: '1.8.0_101'
Driver info: driver.version: unknown
	at <anonymous class>.fxdriver.preconditions.visible(file:///C:/Users/Raghu/AppData/Local/Temp/anonymous235418847971886407webdriver-profile/extensions/fxdriver@googlecode.com/components/command-processor.js:10092)
	at <anonymous class>.DelayedCommand.prototype.checkPreconditions_(file:///C:/Users/Raghu/AppData/Local/Temp/anonymous235418847971886407webdriver-profile/extensions/fxdriver@googlecode.com/components/command-processor.js:12644)
	at <anonymous class>.DelayedCommand.prototype.executeInternal_/h(file:///C:/Users/Raghu/AppData/Local/Temp/anonymous235418847971886407webdriver-profile/extensions/fxdriver@googlecode.com/components/command-processor.js:12661)
	at <anonymous class>.fxdriver.Timer.prototype.setTimeout/<.notify(file:///C:/Users/Raghu/AppData/Local/Temp/anonymous235418847971886407webdriver-profile/extensions/fxdriver@googlecode.com/components/command-processor.js:625)
... Removed 25 stack frames]]>
    </failure>
  </testcase> <!-- checkcustomerfields -->
  <testcase name="addReport" time="75.639" classname="com.jocata.core.misreports.AccountSummaryReport"/>
  <testcase name="addReport" time="75.536" classname="com.jocata.core.misreports.EventdetailsReport"/>
  <testcase name="GridTest" time="124.109" classname="com.jocata.core.grid.GridAddReport3"/>
  <testcase name="GridTest" time="110.081" classname="com.jocata.core.grid.ADDRolesModify"/>
  <testcase name="clickcaseid" time="48.205" classname="com.jocata.core.grid.AccountTrunover"/>
  <testcase name="clickonAuditlogmodulename" time="59.543" classname="com.jocata.core.grid.AuditLogModuleName"/>
  <testcase name="clickriskconfigrationedit" time="69.146" classname="com.jocata.core.grid.RiskConfigurationEdit">
    <failure type="org.openqa.selenium.TimeoutException" message="Timed out after 40 seconds waiting for com.jocata.core.grid.RiskConfigurationEdit$1@2c104774
Build info: version: &amp;apos;2.53.1&amp;apos;, revision: &amp;apos;a36b8b1&amp;apos;, time: &amp;apos;2016-06-30 17:32:46&amp;apos;
System info: host: &amp;apos;Raghu-PC&amp;apos;, ip: &amp;apos;192.168.100.25&amp;apos;, os.name: &amp;apos;Windows 7&amp;apos;, os.arch: &amp;apos;amd64&amp;apos;, os.version: &amp;apos;6.1&amp;apos;, java.version: &amp;apos;1.8.0_101&amp;apos;
Driver info: driver.version: unknown">
      <![CDATA[org.openqa.selenium.TimeoutException: Timed out after 40 seconds waiting for com.jocata.core.grid.RiskConfigurationEdit$1@2c104774
Build info: version: '2.53.1', revision: 'a36b8b1', time: '2016-06-30 17:32:46'
System info: host: 'Raghu-PC', ip: '192.168.100.25', os.name: 'Windows 7', os.arch: 'amd64', os.version: '6.1', java.version: '1.8.0_101'
Driver info: driver.version: unknown
	at org.openqa.selenium.support.ui.FluentWait.timeoutException(FluentWait.java:292)
	at org.openqa.selenium.support.ui.FluentWait.until(FluentWait.java:261)
	at com.jocata.core.grid.RiskConfigurationEdit.fluentWait(RiskConfigurationEdit.java:25)
	at com.jocata.core.grid.RiskConfigurationEdit.clickriskconfigrationedit(RiskConfigurationEdit.java:50)
	at com.jocata.core.RunStar.AllStarNewSevenone3.main(AllStarNewSevenone3.java:177)
Caused by: org.openqa.selenium.NoSuchElementException: Unable to locate element: {"method":"xpath","selector":".//*[@id='flip']/img"}
Command duration or timeout: 30.08 seconds
For documentation on this error, please visit: http://seleniumhq.org/exceptions/no_such_element.html
Build info: version: '2.53.1', revision: 'a36b8b1', time: '2016-06-30 17:32:46'
System info: host: 'Raghu-PC', ip: '192.168.100.25', os.name: 'Windows 7', os.arch: 'amd64', os.version: '6.1', java.version: '1.8.0_101'
Driver info: org.openqa.selenium.firefox.FirefoxDriver
Capabilities [{applicationCacheEnabled=true, rotatable=false, handlesAlerts=true, databaseEnabled=true, version=46.0, platform=WINDOWS, nativeEvents=false, acceptSslCerts=true, webStorageEnabled=true, locationContextEnabled=true, browserName=firefox, takesScreenshot=true, javascriptEnabled=true, cssSelectorsEnabled=true}]
Session ID: f61595d9-f6ab-4c73-b355-676410ed7c2d
*** Element info: {Using=xpath, value=.//*[@id='flip']/img}
	at org.openqa.selenium.remote.ErrorHandler.createThrowable(ErrorHandler.java:206)
	at org.openqa.selenium.remote.ErrorHandler.throwIfResponseFailed(ErrorHandler.java:158)
	at org.openqa.selenium.remote.RemoteWebDriver.execute(RemoteWebDriver.java:678)
	at org.openqa.selenium.remote.RemoteWebDriver.findElement(RemoteWebDriver.java:363)
	at org.openqa.selenium.remote.RemoteWebDriver.findElementByXPath(RemoteWebDriver.java:500)
	at org.openqa.selenium.By$ByXPath.findElement(By.java:361)
	at org.openqa.selenium.remote.RemoteWebDriver.findElement(RemoteWebDriver.java:355)
	at com.jocata.core.grid.RiskConfigurationEdit$1.apply(RiskConfigurationEdit.java:27)
	at com.jocata.core.grid.RiskConfigurationEdit$1.apply(RiskConfigurationEdit.java:1)
	at org.openqa.selenium.support.ui.FluentWait.until(FluentWait.java:238)
	... 24 more
Caused by: org.openqa.selenium.NoSuchElementException: Unable to locate element: {"method":"xpath","selector":".//*[@id='flip']/img"}
For documentation on this error, please visit: http://seleniumhq.org/exceptions/no_such_element.html
Build info: version: '2.53.1', revision: 'a36b8b1', time: '2016-06-30 17:32:46'
System info: host: 'Raghu-PC', ip: '192.168.100.25', os.name: 'Windows 7', os.arch: 'amd64', os.version: '6.1', java.version: '1.8.0_101'
Driver info: driver.version: unknown
	at <anonymous class>.FirefoxDriver.prototype.findElementInternal_(file:///C:/Users/Raghu/AppData/Local/Temp/anonymous235418847971886407webdriver-profile/extensions/fxdriver@googlecode.com/components/driver-component.js:10770)
	at <anonymous class>.fxdriver.Timer.prototype.setTimeout/<.notify(file:///C:/Users/Raghu/AppData/Local/Temp/anonymous235418847971886407webdriver-profile/extensions/fxdriver@googlecode.com/components/driver-component.js:625)
... Removed 25 stack frames]]>
    </failure>
  </testcase> <!-- clickriskconfigrationedit -->
  <testcase name="clickriskconfigrationedit" time="46.245" classname="com.jocata.core.grid.UserPermissionsReport"/>
  <testcase name="login" time="94.488" classname="com.jocata.core.RunStar.ActivityGraphExportExcel"/>
  <testcase name="login" time="30.067" classname="com.jocata.core.exportexcels.TrancastionRulePopUpExport">
    <failure type="org.openqa.selenium.TimeoutException" message="Timed out after 10 seconds waiting for com.jocata.core.exportexcels.TrancastionRulePopUpExport$1@186978a6
Build info: version: &amp;apos;2.53.1&amp;apos;, revision: &amp;apos;a36b8b1&amp;apos;, time: &amp;apos;2016-06-30 17:32:46&amp;apos;
System info: host: &amp;apos;Raghu-PC&amp;apos;, ip: &amp;apos;192.168.100.25&amp;apos;, os.name: &amp;apos;Windows 7&amp;apos;, os.arch: &amp;apos;amd64&amp;apos;, os.version: &amp;apos;6.1&amp;apos;, java.version: &amp;apos;1.8.0_101&amp;apos;
Driver info: driver.version: unknown">
      <![CDATA[org.openqa.selenium.TimeoutException: Timed out after 10 seconds waiting for com.jocata.core.exportexcels.TrancastionRulePopUpExport$1@186978a6
Build info: version: '2.53.1', revision: 'a36b8b1', time: '2016-06-30 17:32:46'
System info: host: 'Raghu-PC', ip: '192.168.100.25', os.name: 'Windows 7', os.arch: 'amd64', os.version: '6.1', java.version: '1.8.0_101'
Driver info: driver.version: unknown
	at org.openqa.selenium.support.ui.FluentWait.timeoutException(FluentWait.java:292)
	at org.openqa.selenium.support.ui.FluentWait.until(FluentWait.java:261)
	at com.jocata.core.exportexcels.TrancastionRulePopUpExport.fluentWait(TrancastionRulePopUpExport.java:29)
	at com.jocata.core.exportexcels.TrancastionRulePopUpExport.clickDashboard(TrancastionRulePopUpExport.java:58)
	at com.jocata.core.exportexcels.TrancastionRulePopUpExport.login(TrancastionRulePopUpExport.java:50)
	at com.jocata.core.RunStar.AllStarNewSevenone3.main(AllStarNewSevenone3.java:177)
Caused by: org.openqa.selenium.NoSuchElementException: Unable to locate element: {"method":"xpath","selector":"//span[text()='Case Files']"}
Command duration or timeout: 30.07 seconds
For documentation on this error, please visit: http://seleniumhq.org/exceptions/no_such_element.html
Build info: version: '2.53.1', revision: 'a36b8b1', time: '2016-06-30 17:32:46'
System info: host: 'Raghu-PC', ip: '192.168.100.25', os.name: 'Windows 7', os.arch: 'amd64', os.version: '6.1', java.version: '1.8.0_101'
Driver info: org.openqa.selenium.firefox.FirefoxDriver
Capabilities [{applicationCacheEnabled=true, rotatable=false, handlesAlerts=true, databaseEnabled=true, version=46.0, platform=WINDOWS, nativeEvents=false, acceptSslCerts=true, webStorageEnabled=true, locationContextEnabled=true, browserName=firefox, takesScreenshot=true, javascriptEnabled=true, cssSelectorsEnabled=true}]
Session ID: f61595d9-f6ab-4c73-b355-676410ed7c2d
*** Element info: {Using=xpath, value=//span[text()='Case Files']}
	at org.openqa.selenium.remote.ErrorHandler.createThrowable(ErrorHandler.java:206)
	at org.openqa.selenium.remote.ErrorHandler.throwIfResponseFailed(ErrorHandler.java:158)
	at org.openqa.selenium.remote.RemoteWebDriver.execute(RemoteWebDriver.java:678)
	at org.openqa.selenium.remote.RemoteWebDriver.findElement(RemoteWebDriver.java:363)
	at org.openqa.selenium.remote.RemoteWebDriver.findElementByXPath(RemoteWebDriver.java:500)
	at org.openqa.selenium.By$ByXPath.findElement(By.java:361)
	at org.openqa.selenium.remote.RemoteWebDriver.findElement(RemoteWebDriver.java:355)
	at com.jocata.core.exportexcels.TrancastionRulePopUpExport$1.apply(TrancastionRulePopUpExport.java:31)
	at com.jocata.core.exportexcels.TrancastionRulePopUpExport$1.apply(TrancastionRulePopUpExport.java:1)
	at org.openqa.selenium.support.ui.FluentWait.until(FluentWait.java:238)
	... 25 more
Caused by: org.openqa.selenium.NoSuchElementException: Unable to locate element: {"method":"xpath","selector":"//span[text()='Case Files']"}
For documentation on this error, please visit: http://seleniumhq.org/exceptions/no_such_element.html
Build info: version: '2.53.1', revision: 'a36b8b1', time: '2016-06-30 17:32:46'
System info: host: 'Raghu-PC', ip: '192.168.100.25', os.name: 'Windows 7', os.arch: 'amd64', os.version: '6.1', java.version: '1.8.0_101'
Driver info: driver.version: unknown
	at <anonymous class>.FirefoxDriver.prototype.findElementInternal_(file:///C:/Users/Raghu/AppData/Local/Temp/anonymous235418847971886407webdriver-profile/extensions/fxdriver@googlecode.com/components/driver-component.js:10770)
	at <anonymous class>.fxdriver.Timer.prototype.setTimeout/<.notify(file:///C:/Users/Raghu/AppData/Local/Temp/anonymous235418847971886407webdriver-profile/extensions/fxdriver@googlecode.com/components/driver-component.js:625)
... Removed 25 stack frames]]>
    </failure>
  </testcase> <!-- login -->
</testsuite> <!-- Command line test -->
